<?xml version="1.0" encoding="UTF-8"?>
<!-- Generated by org.testng.reporters.JUnitXMLReporter -->
<testsuite ignored="4" hostname="LAPTOP-9AIIMQ77" failures="0" tests="16" name="Chrome- Regression Test" time="2.11" errors="0" timestamp="2021-03-25T22:57:07 IST">
  <testcase classname="Test.Base" name="@BeforeTest beforeTest" time="1.932">
    <failure type="org.openqa.selenium.SessionNotCreatedException" message="session not created: This version of MSEdgeDriver only supports MSEdge version 87
Current browser version is 89.0.774.57 with binary path C:\Program Files (x86)\Microsoft\Edge\Application\msedge.exe
Build info: version: &amp;apos;3.141.59&amp;apos;, revision: &amp;apos;e82be7d358&amp;apos;, time: &amp;apos;2018-11-14T08:17:03&amp;apos;
System info: host: &amp;apos;LAPTOP-9AIIMQ77&amp;apos;, ip: &amp;apos;192.168.0.111&amp;apos;, os.name: &amp;apos;Windows 10&amp;apos;, os.arch: &amp;apos;amd64&amp;apos;, os.version: &amp;apos;10.0&amp;apos;, java.version: &amp;apos;15.0.1&amp;apos;
Driver info: driver.version: EdgeDriver
remote stacktrace: Backtrace:
	Ordinal0 [0x00007FF674E0FF22+4259618]
	Ordinal0 [0x00007FF674CE4959+3033433]
	Ordinal0 [0x00007FF674B3D287+1299079]
	Ordinal0 [0x00007FF674A8611E+549150]
	Ordinal0 [0x00007FF674A82E83+536195]
	Ordinal0 [0x00007FF674A7C470+509040]
	Ordinal0 [0x00007FF674AB3382+734082]
	Ordinal0 [0x00007FF674AADDCF+712143]
	Ordinal0 [0x00007FF674A88CF5+560373]
	Ordinal0 [0x00007FF674A89ADB+563931]
	Ordinal0 [0x00007FF674D01FC8+3153864]
	GetHandleVerifier [0x00007FF674F62F02+1261618]
	GetHandleVerifier [0x00007FF674F75886+1337782]
	GetHandleVerifier [0x00007FF674F638C9+1264121]
	Ordinal0 [0x00007FF674CF5195+3101077]
	Ordinal0 [0x00007FF674D043AB+3163051]
	Ordinal0 [0x00007FF674D1A6FA+3254010]
	BaseThreadInitThunk [0x00007FF868CE7C24+20]
	RtlUserThreadStart [0x00007FF86910D721+33]
">
      <![CDATA[org.openqa.selenium.SessionNotCreatedException: session not created: This version of MSEdgeDriver only supports MSEdge version 87
Current browser version is 89.0.774.57 with binary path C:\Program Files (x86)\Microsoft\Edge\Application\msedge.exe
Build info: version: '3.141.59', revision: 'e82be7d358', time: '2018-11-14T08:17:03'
System info: host: 'LAPTOP-9AIIMQ77', ip: '192.168.0.111', os.name: 'Windows 10', os.arch: 'amd64', os.version: '10.0', java.version: '15.0.1'
Driver info: driver.version: EdgeDriver
remote stacktrace: Backtrace:
Ordinal0 [0x00007FF674E0FF22+4259618]
Ordinal0 [0x00007FF674CE4959+3033433]
Ordinal0 [0x00007FF674B3D287+1299079]
Ordinal0 [0x00007FF674A8611E+549150]
Ordinal0 [0x00007FF674A82E83+536195]
Ordinal0 [0x00007FF674A7C470+509040]
Ordinal0 [0x00007FF674AB3382+734082]
Ordinal0 [0x00007FF674AADDCF+712143]
Ordinal0 [0x00007FF674A88CF5+560373]
Ordinal0 [0x00007FF674A89ADB+563931]
Ordinal0 [0x00007FF674D01FC8+3153864]
GetHandleVerifier [0x00007FF674F62F02+1261618]
GetHandleVerifier [0x00007FF674F75886+1337782]
GetHandleVerifier [0x00007FF674F638C9+1264121]
Ordinal0 [0x00007FF674CF5195+3101077]
Ordinal0 [0x00007FF674D043AB+3163051]
Ordinal0 [0x00007FF674D1A6FA+3254010]
BaseThreadInitThunk [0x00007FF868CE7C24+20]
RtlUserThreadStart [0x00007FF86910D721+33]

at org.openqa.selenium.remote.W3CHandshakeResponse.lambda$errorHandler$0(W3CHandshakeResponse.java:62)
at org.openqa.selenium.remote.HandshakeResponse.lambda$getResponseFunction$0(HandshakeResponse.java:30)
at org.openqa.selenium.remote.ProtocolHandshake.lambda$createSession$0(ProtocolHandshake.java:126)
at java.base/java.util.stream.ReferencePipeline$3$1.accept(ReferencePipeline.java:195)
at java.base/java.util.Spliterators$ArraySpliterator.tryAdvance(Spliterators.java:958)
at java.base/java.util.stream.ReferencePipeline.forEachWithCancel(ReferencePipeline.java:127)
at java.base/java.util.stream.AbstractPipeline.copyIntoWithCancel(AbstractPipeline.java:502)
at java.base/java.util.stream.AbstractPipeline.copyInto(AbstractPipeline.java:488)
at java.base/java.util.stream.AbstractPipeline.wrapAndCopyInto(AbstractPipeline.java:474)
at java.base/java.util.stream.FindOps$FindOp.evaluateSequential(FindOps.java:150)
at java.base/java.util.stream.AbstractPipeline.evaluate(AbstractPipeline.java:234)
at java.base/java.util.stream.ReferencePipeline.findFirst(ReferencePipeline.java:543)
at org.openqa.selenium.remote.ProtocolHandshake.createSession(ProtocolHandshake.java:128)
at org.openqa.selenium.remote.ProtocolHandshake.createSession(ProtocolHandshake.java:74)
at org.openqa.selenium.remote.HttpCommandExecutor.execute(HttpCommandExecutor.java:136)
at org.openqa.selenium.remote.service.DriverCommandExecutor.execute(DriverCommandExecutor.java:83)
at org.openqa.selenium.remote.RemoteWebDriver.execute(RemoteWebDriver.java:552)
at org.openqa.selenium.remote.RemoteWebDriver.startSession(RemoteWebDriver.java:213)
at org.openqa.selenium.remote.RemoteWebDriver.<init>(RemoteWebDriver.java:131)
at org.openqa.selenium.edge.EdgeDriver.<init>(EdgeDriver.java:141)
at org.openqa.selenium.edge.EdgeDriver.<init>(EdgeDriver.java:96)
at Utils.Common.setupbrowser(Common.java:19)
at Test.Base.beforeTest(Base.java:22)
at java.base/java.util.concurrent.FutureTask.run(FutureTask.java:264)
at java.base/java.util.concurrent.ThreadPoolExecutor.runWorker(ThreadPoolExecutor.java:1130)
at java.base/java.util.concurrent.ThreadPoolExecutor$Worker.run(ThreadPoolExecutor.java:630)
at java.base/java.lang.Thread.run(Thread.java:832)
... Removed 20 stack frames]]>
    </failure>
  </testcase> <!-- @BeforeTest beforeTest -->
  <testcase classname="Test.Loginvalidation" name="@BeforeClass beforeclass" time="-1.61669322719E9">
    <skipped/>
  </testcase> <!-- @BeforeClass beforeclass -->
  <testcase classname="Test.Loginvalidation" name="@BeforeMethod beforemethod" time="-1.616693227192E9">
    <skipped/>
  </testcase> <!-- @BeforeMethod beforemethod -->
  <testcase classname="Test.Base" name="@AfterTest afterTest" time="-1.616693227253E9">
    <skipped/>
  </testcase> <!-- @AfterTest afterTest -->
  <testcase classname="Test.Base" name="@BeforeTest beforeTest" time="2.067">
    <failure type="org.openqa.selenium.SessionNotCreatedException" message="session not created: This version of MSEdgeDriver only supports MSEdge version 87
Current browser version is 89.0.774.57 with binary path C:\Program Files (x86)\Microsoft\Edge\Application\msedge.exe
Build info: version: &amp;apos;3.141.59&amp;apos;, revision: &amp;apos;e82be7d358&amp;apos;, time: &amp;apos;2018-11-14T08:17:03&amp;apos;
System info: host: &amp;apos;LAPTOP-9AIIMQ77&amp;apos;, ip: &amp;apos;192.168.0.111&amp;apos;, os.name: &amp;apos;Windows 10&amp;apos;, os.arch: &amp;apos;amd64&amp;apos;, os.version: &amp;apos;10.0&amp;apos;, java.version: &amp;apos;15.0.1&amp;apos;
Driver info: driver.version: EdgeDriver
remote stacktrace: Backtrace:
	Ordinal0 [0x00007FF674E0FF22+4259618]
	Ordinal0 [0x00007FF674CE4959+3033433]
	Ordinal0 [0x00007FF674B3D287+1299079]
	Ordinal0 [0x00007FF674A8611E+549150]
	Ordinal0 [0x00007FF674A82E83+536195]
	Ordinal0 [0x00007FF674A7C470+509040]
	Ordinal0 [0x00007FF674AB3382+734082]
	Ordinal0 [0x00007FF674AADDCF+712143]
	Ordinal0 [0x00007FF674A88CF5+560373]
	Ordinal0 [0x00007FF674A89ADB+563931]
	Ordinal0 [0x00007FF674D01FC8+3153864]
	GetHandleVerifier [0x00007FF674F62F02+1261618]
	GetHandleVerifier [0x00007FF674F75886+1337782]
	GetHandleVerifier [0x00007FF674F638C9+1264121]
	Ordinal0 [0x00007FF674CF5195+3101077]
	Ordinal0 [0x00007FF674D043AB+3163051]
	Ordinal0 [0x00007FF674D1A6FA+3254010]
	BaseThreadInitThunk [0x00007FF868CE7C24+20]
	RtlUserThreadStart [0x00007FF86910D721+33]
">
      <![CDATA[org.openqa.selenium.SessionNotCreatedException: session not created: This version of MSEdgeDriver only supports MSEdge version 87
Current browser version is 89.0.774.57 with binary path C:\Program Files (x86)\Microsoft\Edge\Application\msedge.exe
Build info: version: '3.141.59', revision: 'e82be7d358', time: '2018-11-14T08:17:03'
System info: host: 'LAPTOP-9AIIMQ77', ip: '192.168.0.111', os.name: 'Windows 10', os.arch: 'amd64', os.version: '10.0', java.version: '15.0.1'
Driver info: driver.version: EdgeDriver
remote stacktrace: Backtrace:
Ordinal0 [0x00007FF674E0FF22+4259618]
Ordinal0 [0x00007FF674CE4959+3033433]
Ordinal0 [0x00007FF674B3D287+1299079]
Ordinal0 [0x00007FF674A8611E+549150]
Ordinal0 [0x00007FF674A82E83+536195]
Ordinal0 [0x00007FF674A7C470+509040]
Ordinal0 [0x00007FF674AB3382+734082]
Ordinal0 [0x00007FF674AADDCF+712143]
Ordinal0 [0x00007FF674A88CF5+560373]
Ordinal0 [0x00007FF674A89ADB+563931]
Ordinal0 [0x00007FF674D01FC8+3153864]
GetHandleVerifier [0x00007FF674F62F02+1261618]
GetHandleVerifier [0x00007FF674F75886+1337782]
GetHandleVerifier [0x00007FF674F638C9+1264121]
Ordinal0 [0x00007FF674CF5195+3101077]
Ordinal0 [0x00007FF674D043AB+3163051]
Ordinal0 [0x00007FF674D1A6FA+3254010]
BaseThreadInitThunk [0x00007FF868CE7C24+20]
RtlUserThreadStart [0x00007FF86910D721+33]

at org.openqa.selenium.remote.W3CHandshakeResponse.lambda$errorHandler$0(W3CHandshakeResponse.java:62)
at org.openqa.selenium.remote.HandshakeResponse.lambda$getResponseFunction$0(HandshakeResponse.java:30)
at org.openqa.selenium.remote.ProtocolHandshake.lambda$createSession$0(ProtocolHandshake.java:126)
at java.base/java.util.stream.ReferencePipeline$3$1.accept(ReferencePipeline.java:195)
at java.base/java.util.Spliterators$ArraySpliterator.tryAdvance(Spliterators.java:958)
at java.base/java.util.stream.ReferencePipeline.forEachWithCancel(ReferencePipeline.java:127)
at java.base/java.util.stream.AbstractPipeline.copyIntoWithCancel(AbstractPipeline.java:502)
at java.base/java.util.stream.AbstractPipeline.copyInto(AbstractPipeline.java:488)
at java.base/java.util.stream.AbstractPipeline.wrapAndCopyInto(AbstractPipeline.java:474)
at java.base/java.util.stream.FindOps$FindOp.evaluateSequential(FindOps.java:150)
at java.base/java.util.stream.AbstractPipeline.evaluate(AbstractPipeline.java:234)
at java.base/java.util.stream.ReferencePipeline.findFirst(ReferencePipeline.java:543)
at org.openqa.selenium.remote.ProtocolHandshake.createSession(ProtocolHandshake.java:128)
at org.openqa.selenium.remote.ProtocolHandshake.createSession(ProtocolHandshake.java:74)
at org.openqa.selenium.remote.HttpCommandExecutor.execute(HttpCommandExecutor.java:136)
at org.openqa.selenium.remote.service.DriverCommandExecutor.execute(DriverCommandExecutor.java:83)
at org.openqa.selenium.remote.RemoteWebDriver.execute(RemoteWebDriver.java:552)
at org.openqa.selenium.remote.RemoteWebDriver.startSession(RemoteWebDriver.java:213)
at org.openqa.selenium.remote.RemoteWebDriver.<init>(RemoteWebDriver.java:131)
at org.openqa.selenium.edge.EdgeDriver.<init>(EdgeDriver.java:141)
at org.openqa.selenium.edge.EdgeDriver.<init>(EdgeDriver.java:96)
at Utils.Common.setupbrowser(Common.java:19)
at Test.Base.beforeTest(Base.java:22)
at java.base/java.util.concurrent.FutureTask.run(FutureTask.java:264)
at java.base/java.util.concurrent.ThreadPoolExecutor.runWorker(ThreadPoolExecutor.java:1130)
at java.base/java.util.concurrent.ThreadPoolExecutor$Worker.run(ThreadPoolExecutor.java:630)
at java.base/java.lang.Thread.run(Thread.java:832)
... Removed 20 stack frames]]>
    </failure>
  </testcase> <!-- @BeforeTest beforeTest -->
  <testcase classname="Test.Loginvalidation" name="@BeforeClass beforeclass" time="-1.616693227279E9">
    <skipped/>
  </testcase> <!-- @BeforeClass beforeclass -->
  <testcase classname="Test.Loginvalidation" name="@BeforeMethod beforemethod" time="-1.616693227281E9">
    <skipped/>
  </testcase> <!-- @BeforeMethod beforemethod -->
  <testcase classname="Test.Base" name="@AfterTest afterTest" time="-1.616693227306E9">
    <skipped/>
  </testcase> <!-- @AfterTest afterTest -->
  <testcase classname="Test.Basicvalidation" name="URLvalidation" time="0.0">
    <skipped/>
  </testcase> <!-- URLvalidation -->
  <testcase classname="Test.Basicvalidation" name="titlevalidation" time="0.0">
    <skipped/>
  </testcase> <!-- titlevalidation -->
  <testcase classname="Test.Loginvalidation" name="popupclosed" time="0.0">
    <skipped/>
  </testcase> <!-- popupclosed -->
  <testcase classname="Test.Loginvalidation" name="sign" time="0.0">
    <skipped/>
  </testcase> <!-- sign -->
  <testcase classname="Test.Loginvalidation" name="Inloginvalidation" time="0.0">
    <skipped/>
  </testcase> <!-- Inloginvalidation -->
  <testcase classname="Test.Loginvalidation" name="Inpassloginvalidation" time="0.0">
    <skipped/>
  </testcase> <!-- Inpassloginvalidation -->
  <testcase classname="Test.Loginvalidation" name="Inuserloginvalidation" time="0.0">
    <skipped/>
  </testcase> <!-- Inuserloginvalidation -->
  <testcase classname="Test.Loginvalidation" name="blankpassloginvalidation" time="0.0">
    <skipped/>
  </testcase> <!-- blankpassloginvalidation -->
  <testcase classname="Test.Loginvalidation" name="blankuserloginvalidation" time="0.0">
    <skipped/>
  </testcase> <!-- blankuserloginvalidation -->
  <testcase classname="Test.Loginvalidation" name="signwindowclosed" time="0.0">
    <skipped/>
  </testcase> <!-- signwindowclosed -->
  <testcase classname="Test.Loginvalidation" name="searchproducts" time="0.0">
    <skipped/>
  </testcase> <!-- searchproducts -->
  <testcase classname="Test.Loginvalidation" name="searchproducts1" time="0.0">
    <skipped/>
  </testcase> <!-- searchproducts1 -->
  <testcase classname="Test.Loginvalidation" name="searchproducts2" time="0.0">
    <skipped/>
  </testcase> <!-- searchproducts2 -->
  <testcase classname="Test.Loginvalidation" name="enterheadphone" time="0.0">
    <skipped/>
  </testcase> <!-- enterheadphone -->
  <testcase classname="Test.Loginvalidation" name="count" time="0.0">
    <skipped/>
  </testcase> <!-- count -->
  <testcase classname="Test.Loginvalidation" name="windowclosed" time="0.0">
    <skipped/>
  </testcase> <!-- windowclosed -->
  <testcase classname="Test.Base" name="@BeforeTest beforeTest" time="0.0">
    <ignored/>
  </testcase> <!-- @BeforeTest beforeTest -->
  <testcase classname="Test.Base" name="@BeforeTest beforeTest" time="0.0">
    <ignored/>
  </testcase> <!-- @BeforeTest beforeTest -->
  <testcase classname="Test.Base" name="@AfterTest afterTest" time="0.0">
    <ignored/>
  </testcase> <!-- @AfterTest afterTest -->
  <testcase classname="Test.Base" name="@AfterTest afterTest" time="0.0">
    <ignored/>
  </testcase> <!-- @AfterTest afterTest -->
</testsuite> <!-- Chrome- Regression Test -->
