<html>
<head>
<title>TestNG:  Regression Test</title>
<link href="../testng.css" rel="stylesheet" type="text/css" />
<link href="../my-testng.css" rel="stylesheet" type="text/css" />

<style type="text/css">
.log { display: none;} 
.stack-trace { display: none;} 
</style>
<script type="text/javascript">
<!--
function flip(e) {
  current = e.style.display;
  if (current == 'block') {
    e.style.display = 'none';
    return 0;
  }
  else {
    e.style.display = 'block';
    return 1;
  }
}

function toggleBox(szDivId, elem, msg1, msg2)
{
  var res = -1;  if (document.getElementById) {
    res = flip(document.getElementById(szDivId));
  }
  else if (document.all) {
    // this is the way old msie versions work
    res = flip(document.all[szDivId]);
  }
  if(elem) {
    if(res == 0) elem.innerHTML = msg1; else elem.innerHTML = msg2;
  }

}

function toggleAllBoxes() {
  if (document.getElementsByTagName) {
    d = document.getElementsByTagName('div');
    for (i = 0; i < d.length; i++) {
      if (d[i].className == 'log') {
        flip(d[i]);
      }
    }
  }
}

// -->
</script>

</head>
<body>
<h2 align='center'>Regression Test</h2><table border='1' align="center">
<tr>
<td>Tests passed/Failed/Skipped:</td><td>13/1/1</td>
</tr><tr>
<td>Started on:</td><td>Wed Mar 24 23:03:03 IST 2021</td>
</tr>
<tr><td>Total time:</td><td>48 seconds (48977 ms)</td>
</tr><tr>
<td>Included groups:</td><td></td>
</tr><tr>
<td>Excluded groups:</td><td></td>
</tr>
</table><p/>
<small><i>(Hover the method name to see the test class name)</i></small><p/>
<table width='100%' border='1' class='invocation-failed'>
<tr><td colspan='4' align='center'><b>FAILED TESTS</b></td></tr>
<tr><td><b>Test method</b></td>
<td width="30%"><b>Exception</b></td>
<td width="10%"><b>Time (seconds)</b></td>
<td><b>Instance</b></td>
</tr>
<tr>
<td title='Test.Loginvalidation.enterheadphone()'><b>enterheadphone</b><br>Test class: Test.Loginvalidation</td>
<td><div><pre>org.openqa.selenium.NoSuchElementException: no such element: Unable to locate element: {&quot;method&quot;:&quot;css selector&quot;,&quot;selector&quot;:&quot;.countNo&quot;}
  (Session info: chrome=89.0.4389.90)
For documentation on this error, please visit: https://www.seleniumhq.org/exceptions/no_such_element.html
Build info: version: &apos;3.141.59&apos;, revision: &apos;e82be7d358&apos;, time: &apos;2018-11-14T08:17:03&apos;
System info: host: &apos;LAPTOP-9AIIMQ77&apos;, ip: &apos;192.168.0.111&apos;, os.name: &apos;Windows 10&apos;, os.arch: &apos;amd64&apos;, os.version: &apos;10.0&apos;, java.version: &apos;15.0.1&apos;
Driver info: org.openqa.selenium.chrome.ChromeDriver
Capabilities {acceptInsecureCerts: false, browserName: chrome, browserVersion: 89.0.4389.90, chrome: {chromedriverVersion: 89.0.4389.23 (61b08ee2c5002..., userDataDir: C:\Users\Rachin\AppData\Loc...}, goog:chromeOptions: {debuggerAddress: localhost:55431}, javascriptEnabled: true, networkConnectionEnabled: false, pageLoadStrategy: normal, platform: WINDOWS, platformName: WINDOWS, proxy: Proxy(), setWindowRect: true, strictFileInteractability: false, timeouts: {implicit: 0, pageLoad: 300000, script: 30000}, unhandledPromptBehavior: dismiss and notify, webauthn:extension:largeBlob: true, webauthn:virtualAuthenticators: true}
Session ID: 0e4da2ed2f1af58fd54e3f926f68be2e
*** Element info: {Using=class name, value=countNo}
	at org.openqa.selenium.remote.http.W3CHttpResponseCodec.createException(W3CHttpResponseCodec.java:187)
	at org.openqa.selenium.remote.http.W3CHttpResponseCodec.decode(W3CHttpResponseCodec.java:122)
	at org.openqa.selenium.remote.http.W3CHttpResponseCodec.decode(W3CHttpResponseCodec.java:49)
	at org.openqa.selenium.remote.HttpCommandExecutor.execute(HttpCommandExecutor.java:158)
	at org.openqa.selenium.remote.service.DriverCommandExecutor.execute(DriverCommandExecutor.java:83)
	at org.openqa.selenium.remote.RemoteWebDriver.execute(RemoteWebDriver.java:552)
	at org.openqa.selenium.remote.RemoteWebDriver.findElement(RemoteWebDriver.java:323)
	at org.openqa.selenium.remote.RemoteWebDriver.findElementByClassName(RemoteWebDriver.java:412)
	at org.openqa.selenium.By$ByClassName.findElement(By.java:389)
	at org.openqa.selenium.remote.RemoteWebDriver.findElement(RemoteWebDriver.java:315)
	at POM.login.robotheadphone(login.java:262)
	at Test.Loginvalidation.enterheadphone(Loginvalidation.java:171)
	at java.base/java.util.ArrayList.forEach(ArrayList.java:1511)
... Removed 32 stack frames</pre></div><a href='#' onClick='toggleBox("stack-trace1298557761", this, "Click to show all stack frames", "Click to hide stack frames")'>Click to show all stack frames</a>
<div class='stack-trace' id='stack-trace1298557761'><pre>org.openqa.selenium.NoSuchElementException: no such element: Unable to locate element: {&quot;method&quot;:&quot;css selector&quot;,&quot;selector&quot;:&quot;.countNo&quot;}
  (Session info: chrome=89.0.4389.90)
For documentation on this error, please visit: https://www.seleniumhq.org/exceptions/no_such_element.html
Build info: version: &apos;3.141.59&apos;, revision: &apos;e82be7d358&apos;, time: &apos;2018-11-14T08:17:03&apos;
System info: host: &apos;LAPTOP-9AIIMQ77&apos;, ip: &apos;192.168.0.111&apos;, os.name: &apos;Windows 10&apos;, os.arch: &apos;amd64&apos;, os.version: &apos;10.0&apos;, java.version: &apos;15.0.1&apos;
Driver info: org.openqa.selenium.chrome.ChromeDriver
Capabilities {acceptInsecureCerts: false, browserName: chrome, browserVersion: 89.0.4389.90, chrome: {chromedriverVersion: 89.0.4389.23 (61b08ee2c5002..., userDataDir: C:\Users\Rachin\AppData\Loc...}, goog:chromeOptions: {debuggerAddress: localhost:55431}, javascriptEnabled: true, networkConnectionEnabled: false, pageLoadStrategy: normal, platform: WINDOWS, platformName: WINDOWS, proxy: Proxy(), setWindowRect: true, strictFileInteractability: false, timeouts: {implicit: 0, pageLoad: 300000, script: 30000}, unhandledPromptBehavior: dismiss and notify, webauthn:extension:largeBlob: true, webauthn:virtualAuthenticators: true}
Session ID: 0e4da2ed2f1af58fd54e3f926f68be2e
*** Element info: {Using=class name, value=countNo}
	at java.base/jdk.internal.reflect.NativeConstructorAccessorImpl.newInstance0(Native Method)
	at java.base/jdk.internal.reflect.NativeConstructorAccessorImpl.newInstance(NativeConstructorAccessorImpl.java:64)
	at java.base/jdk.internal.reflect.DelegatingConstructorAccessorImpl.newInstance(DelegatingConstructorAccessorImpl.java:45)
	at java.base/java.lang.reflect.Constructor.newInstanceWithCaller(Constructor.java:500)
	at java.base/java.lang.reflect.Constructor.newInstance(Constructor.java:481)
	at org.openqa.selenium.remote.http.W3CHttpResponseCodec.createException(W3CHttpResponseCodec.java:187)
	at org.openqa.selenium.remote.http.W3CHttpResponseCodec.decode(W3CHttpResponseCodec.java:122)
	at org.openqa.selenium.remote.http.W3CHttpResponseCodec.decode(W3CHttpResponseCodec.java:49)
	at org.openqa.selenium.remote.HttpCommandExecutor.execute(HttpCommandExecutor.java:158)
	at org.openqa.selenium.remote.service.DriverCommandExecutor.execute(DriverCommandExecutor.java:83)
	at org.openqa.selenium.remote.RemoteWebDriver.execute(RemoteWebDriver.java:552)
	at org.openqa.selenium.remote.RemoteWebDriver.findElement(RemoteWebDriver.java:323)
	at org.openqa.selenium.remote.RemoteWebDriver.findElementByClassName(RemoteWebDriver.java:412)
	at org.openqa.selenium.By$ByClassName.findElement(By.java:389)
	at org.openqa.selenium.remote.RemoteWebDriver.findElement(RemoteWebDriver.java:315)
	at POM.login.robotheadphone(login.java:262)
	at Test.Loginvalidation.enterheadphone(Loginvalidation.java:171)
	at java.base/jdk.internal.reflect.NativeMethodAccessorImpl.invoke0(Native Method)
	at java.base/jdk.internal.reflect.NativeMethodAccessorImpl.invoke(NativeMethodAccessorImpl.java:64)
	at java.base/jdk.internal.reflect.DelegatingMethodAccessorImpl.invoke(DelegatingMethodAccessorImpl.java:43)
	at java.base/java.lang.reflect.Method.invoke(Method.java:564)
	at org.testng.internal.MethodInvocationHelper.invokeMethod(MethodInvocationHelper.java:132)
	at org.testng.internal.TestInvoker.invokeMethod(TestInvoker.java:599)
	at org.testng.internal.TestInvoker.invokeTestMethod(TestInvoker.java:174)
	at org.testng.internal.MethodRunner.runInSequence(MethodRunner.java:46)
	at org.testng.internal.TestInvoker$MethodInvocationAgent.invoke(TestInvoker.java:822)
	at org.testng.internal.TestInvoker.invokeTestMethods(TestInvoker.java:147)
	at org.testng.internal.TestMethodWorker.invokeTestMethods(TestMethodWorker.java:146)
	at org.testng.internal.TestMethodWorker.run(TestMethodWorker.java:128)
	at java.base/java.util.ArrayList.forEach(ArrayList.java:1511)
	at org.testng.TestRunner.privateRun(TestRunner.java:764)
	at org.testng.TestRunner.run(TestRunner.java:585)
	at org.testng.SuiteRunner.runTest(SuiteRunner.java:384)
	at org.testng.SuiteRunner.runSequentially(SuiteRunner.java:378)
	at org.testng.SuiteRunner.privateRun(SuiteRunner.java:337)
	at org.testng.SuiteRunner.run(SuiteRunner.java:286)
	at org.testng.SuiteRunnerWorker.runSuite(SuiteRunnerWorker.java:53)
	at org.testng.SuiteRunnerWorker.run(SuiteRunnerWorker.java:96)
	at org.testng.TestNG.runSuitesSequentially(TestNG.java:1218)
	at org.testng.TestNG.runSuitesLocally(TestNG.java:1140)
	at org.testng.TestNG.runSuites(TestNG.java:1069)
	at org.testng.TestNG.run(TestNG.java:1037)
	at org.testng.remote.AbstractRemoteTestNG.run(AbstractRemoteTestNG.java:115)
	at org.testng.remote.RemoteTestNG.initAndRun(RemoteTestNG.java:251)
	at org.testng.remote.RemoteTestNG.main(RemoteTestNG.java:77)
</pre></div></td>
<td>4</td>
<td>Test.Loginvalidation@5cee5251</td></tr>
</table><p>
<table width='100%' border='1' class='invocation-passed'>
<tr><td colspan='4' align='center'><b>PASSED TESTS</b></td></tr>
<tr><td><b>Test method</b></td>
<td width="30%"><b>Exception</b></td>
<td width="10%"><b>Time (seconds)</b></td>
<td><b>Instance</b></td>
</tr>
<tr>
<td title='Test.Loginvalidation.Inloginvalidation()'><b>Inloginvalidation</b><br>Test class: Test.Loginvalidation<br>Parameters: ramgmail, 4567<br/>
<a href="#Output-429058804" onClick='toggleBox("Output-429058804", this, "Show output", "Hide output");'>Show output</a>

<a href="#Output-429058804" onClick="toggleAllBoxes();">Show all outputs</a>
<div class='log' id="Output-429058804">
Expected Error = Please enter valid email id or mobile number.<br/>
Actual Error = Please enter valid email id or mobile number.<br/>
Expected Error = Password must be 6 characters or more.<br/>
Actual Error = Password must be 6 characters or more.<br/>
</div>
</td>
<td></td>
<td>0</td>
<td>Test.Loginvalidation@5cee5251</td></tr>
<tr>
<td title='Test.Loginvalidation.Inpassloginvalidation()'><b>Inpassloginvalidation</b><br>Test class: Test.Loginvalidation<br>Parameters: dan@gmail.com, 4567<br/>
<a href="#Output-1387620926" onClick='toggleBox("Output-1387620926", this, "Show output", "Hide output");'>Show output</a>

<a href="#Output-1387620926" onClick="toggleAllBoxes();">Show all outputs</a>
<div class='log' id="Output-1387620926">
Expected Error = Password must be 6 characters or more.<br/>
Actual Error = Password must be 6 characters or more.<br/>
</div>
</td>
<td></td>
<td>0</td>
<td>Test.Loginvalidation@5cee5251</td></tr>
<tr>
<td title='Test.Loginvalidation.Inuserloginvalidation()'><b>Inuserloginvalidation</b><br>Test class: Test.Loginvalidation<br>Parameters: ramgmail, test87543@<br/>
<a href="#Output-1174586025" onClick='toggleBox("Output-1174586025", this, "Show output", "Hide output");'>Show output</a>

<a href="#Output-1174586025" onClick="toggleAllBoxes();">Show all outputs</a>
<div class='log' id="Output-1174586025">
Expected Error = Please enter valid email id or mobile number.<br/>
Actual Error = Please enter valid email id or mobile number.<br/>
</div>
</td>
<td></td>
<td>0</td>
<td>Test.Loginvalidation@5cee5251</td></tr>
<tr>
<td title='Test.Basicvalidation.URLvalidation()'><b>URLvalidation</b><br>Test class: Test.Basicvalidation<br/>
<a href="#Output-864221358" onClick='toggleBox("Output-864221358", this, "Show output", "Hide output");'>Show output</a>

<a href="#Output-864221358" onClick="toggleAllBoxes();">Show all outputs</a>
<div class='log' id="Output-864221358">
Expected URL = https://www.shopclues.com/<br/>
Actual URL = https://www.shopclues.com/<br/>
</div>
</td>
<td></td>
<td>0</td>
<td>Test.Basicvalidation@7adda9cc</td></tr>
<tr>
<td title='Test.Loginvalidation.blankpassloginvalidation()'><b>blankpassloginvalidation</b><br>Test class: Test.Loginvalidation<br>Parameters: dan@gmail.com<br/>
<a href="#Output-1878992188" onClick='toggleBox("Output-1878992188", this, "Show output", "Hide output");'>Show output</a>

<a href="#Output-1878992188" onClick="toggleAllBoxes();">Show all outputs</a>
<div class='log' id="Output-1878992188">
Expected Error = Please enter your password.<br/>
Actual Error = Please enter your password.<br/>
</div>
</td>
<td></td>
<td>0</td>
<td>Test.Loginvalidation@5cee5251</td></tr>
<tr>
<td title='Test.Loginvalidation.blankuserloginvalidation()'><b>blankuserloginvalidation</b><br>Test class: Test.Loginvalidation<br>Parameters: test87543@<br/>
<a href="#Output-296541232" onClick='toggleBox("Output-296541232", this, "Show output", "Hide output");'>Show output</a>

<a href="#Output-296541232" onClick="toggleAllBoxes();">Show all outputs</a>
<div class='log' id="Output-296541232">
Expected Error = Please enter email id or mobile number.<br/>
Actual Error = Please enter email id or mobile number.<br/>
</div>
</td>
<td></td>
<td>0</td>
<td>Test.Loginvalidation@5cee5251</td></tr>
<tr>
<td title='Test.Loginvalidation.popupclosed()'><b>popupclosed</b><br>Test class: Test.Loginvalidation<br/>
<a href="#Output-203819996" onClick='toggleBox("Output-203819996", this, "Show output", "Hide output");'>Show output</a>

<a href="#Output-203819996" onClick="toggleAllBoxes();">Show all outputs</a>
<div class='log' id="Output-203819996">
Able to close pop up successfully<br/>
</div>
</td>
<td></td>
<td>0</td>
<td>Test.Loginvalidation@5cee5251</td></tr>
<tr>
<td title='Test.Loginvalidation.searchproducts()'><b>searchproducts</b><br>Test class: Test.Loginvalidation<br/>
<a href="#Output-1888639813" onClick='toggleBox("Output-1888639813", this, "Show output", "Hide output");'>Show output</a>

<a href="#Output-1888639813" onClick="toggleAllBoxes();">Show all outputs</a>
<div class='log' id="Output-1888639813">
Product Details = Fausto Men's Grey Sports Walking Shoes<br/>
Product Price = Rs.728<br/>
</div>
</td>
<td></td>
<td>4</td>
<td>Test.Loginvalidation@5cee5251</td></tr>
<tr>
<td title='Test.Loginvalidation.searchproducts1()'><b>searchproducts1</b><br>Test class: Test.Loginvalidation<br/>
<a href="#Output-605705199" onClick='toggleBox("Output-605705199", this, "Show output", "Hide output");'>Show output</a>

<a href="#Output-605705199" onClick="toggleAllBoxes();">Show all outputs</a>
<div class='log' id="Output-605705199">
Product Details = Fastrack Men Silver Stainless Steel water resistant Analog Watch - 1474sm01<br/>
Product Price = Rs.437<br/>
</div>
</td>
<td></td>
<td>3</td>
<td>Test.Loginvalidation@5cee5251</td></tr>
<tr>
<td title='Test.Loginvalidation.searchproducts2()'><b>searchproducts2</b><br>Test class: Test.Loginvalidation<br/>
<a href="#Output-701681793" onClick='toggleBox("Output-701681793", this, "Show output", "Hide output");'>Show output</a>

<a href="#Output-701681793" onClick="toggleAllBoxes();">Show all outputs</a>
<div class='log' id="Output-701681793">
Product Details = Apple iPhone 11 Pro Max 256GB 4GB RAM Smartphone Gold<br/>
Product Price = Rs.113328<br/>
</div>
</td>
<td></td>
<td>4</td>
<td>Test.Loginvalidation@5cee5251</td></tr>
<tr>
<td title='Test.Loginvalidation.sign()'><b>sign</b><br>Test class: Test.Loginvalidation<br/>
<a href="#Output-660595570" onClick='toggleBox("Output-660595570", this, "Show output", "Hide output");'>Show output</a>

<a href="#Output-660595570" onClick="toggleAllBoxes();">Show all outputs</a>
<div class='log' id="Output-660595570">
Able to click sign in successfully<br/>
</div>
</td>
<td></td>
<td>0</td>
<td>Test.Loginvalidation@5cee5251</td></tr>
<tr>
<td title='Test.Loginvalidation.signwindowclosed()'><b>signwindowclosed</b><br>Test class: Test.Loginvalidation</td>
<td></td>
<td>0</td>
<td>Test.Loginvalidation@5cee5251</td></tr>
<tr>
<td title='Test.Basicvalidation.titlevalidation()'><b>titlevalidation</b><br>Test class: Test.Basicvalidation<br/>
<a href="#Output-1552870927" onClick='toggleBox("Output-1552870927", this, "Show output", "Hide output");'>Show output</a>

<a href="#Output-1552870927" onClick="toggleAllBoxes();">Show all outputs</a>
<div class='log' id="Output-1552870927">
Expected title = Online Shopping Site India - Shop Online for men, women and kids fashion, home, kitchen, health, sports and more products at ShopClues<br/>
Actual title = Online Shopping Site India - Shop Online for men, women and kids fashion, home, kitchen, health, sports and more products at ShopClues<br/>
</div>
</td>
<td></td>
<td>0</td>
<td>Test.Basicvalidation@7adda9cc</td></tr>
</table><p>
<table width='100%' border='1' class='invocation-skipped'>
<tr><td colspan='4' align='center'><b>SKIPPED TESTS</b></td></tr>
<tr><td><b>Test method</b></td>
<td width="30%"><b>Exception</b></td>
<td width="10%"><b>Time (seconds)</b></td>
<td><b>Instance</b></td>
</tr>
<tr>
<td title='Test.Loginvalidation.windowclosed()'><b>windowclosed</b><br>Test class: Test.Loginvalidation</td>
<td><div><pre>java.lang.Throwable: Method Loginvalidation.windowclosed()[pri:0, instance:Test.Loginvalidation@5cee5251] depends on not successfully finished methods
	at java.base/java.util.ArrayList.forEach(ArrayList.java:1511)
... Removed 18 stack frames</pre></div><a href='#' onClick='toggleBox("stack-trace821342630", this, "Click to show all stack frames", "Click to hide stack frames")'>Click to show all stack frames</a>
<div class='stack-trace' id='stack-trace821342630'><pre>java.lang.Throwable: Method Loginvalidation.windowclosed()[pri:0, instance:Test.Loginvalidation@5cee5251] depends on not successfully finished methods
	at org.testng.internal.TestInvoker.invokeTestMethods(TestInvoker.java:102)
	at org.testng.internal.TestMethodWorker.invokeTestMethods(TestMethodWorker.java:146)
	at org.testng.internal.TestMethodWorker.run(TestMethodWorker.java:128)
	at java.base/java.util.ArrayList.forEach(ArrayList.java:1511)
	at org.testng.TestRunner.privateRun(TestRunner.java:764)
	at org.testng.TestRunner.run(TestRunner.java:585)
	at org.testng.SuiteRunner.runTest(SuiteRunner.java:384)
	at org.testng.SuiteRunner.runSequentially(SuiteRunner.java:378)
	at org.testng.SuiteRunner.privateRun(SuiteRunner.java:337)
	at org.testng.SuiteRunner.run(SuiteRunner.java:286)
	at org.testng.SuiteRunnerWorker.runSuite(SuiteRunnerWorker.java:53)
	at org.testng.SuiteRunnerWorker.run(SuiteRunnerWorker.java:96)
	at org.testng.TestNG.runSuitesSequentially(TestNG.java:1218)
	at org.testng.TestNG.runSuitesLocally(TestNG.java:1140)
	at org.testng.TestNG.runSuites(TestNG.java:1069)
	at org.testng.TestNG.run(TestNG.java:1037)
	at org.testng.remote.AbstractRemoteTestNG.run(AbstractRemoteTestNG.java:115)
	at org.testng.remote.RemoteTestNG.initAndRun(RemoteTestNG.java:251)
	at org.testng.remote.RemoteTestNG.main(RemoteTestNG.java:77)
</pre></div></td>
<td>0</td>
<td>Test.Loginvalidation@5cee5251</td></tr>
</table><p>
</body>
</html>